<?xml version="1.0" encoding="UTF-8"?>
<testsuite xmlns:xsi="http://www.w3.org/2001/XMLSchema-instance" xsi:noNamespaceSchemaLocation="https://maven.apache.org/surefire/maven-surefire-plugin/xsd/surefire-test-report.xsd" name="org.TestRunner.Rsc_Ecom.TestRunner" time="50.398" tests="5" errors="0" skipped="0" failures="0">
  <properties>
[...]
</properties>
  <testcase name="Validateing the Clothing &amp; Accessories Products" classname="Validateing the Clothing &amp; Accessories" time="12.575"/>
  <testcase name="Validateing the HomeWare Products" classname="Validateing the Clothing &amp; Accessories" time="9.642"/>
  <testcase name="Validateing the User" classname="Validateing the Clothing &amp; Accessories" time="11.998"/>
  <testcase name="Validateing the User" classname="Validateing the Clothing &amp; Accessories" time="10.174"/>
  <testcase name="Validateing the Application logo fontcolor size and height" classname="Validateing the Application logo" time="5.557"/>
</testsuite>